{"error":{},"level":"error","message":"uncaughtException: Unexpected token '<<'\nC:\\Users\\hp\\Desktop\\devathon\\devathon_team35\\backend\\routes\\applications.js:16\n<<<<<<< HEAD\n^^\n\nSyntaxError: Unexpected token '<<'\n    at wrapSafe (internal/modules/cjs/loader.js:1047:16)\n    at Module._compile (internal/modules/cjs/loader.js:1097:27)\n    at Object.Module._extensions..js (internal/modules/cjs/loader.js:1153:10)\n    at Module.load (internal/modules/cjs/loader.js:977:32)\n    at Function.Module._load (internal/modules/cjs/loader.js:877:14)\n    at Module.require (internal/modules/cjs/loader.js:1019:19)\n    at require (internal/modules/cjs/helpers.js:77:18)\n    at Object.<anonymous> (C:\\Users\\hp\\Desktop\\devathon\\devathon_team35\\backend\\startup\\routes.js:6:22)\n    at Module._compile (internal/modules/cjs/loader.js:1133:30)\n    at Object.Module._extensions..js (internal/modules/cjs/loader.js:1153:10)","stack":"C:\\Users\\hp\\Desktop\\devathon\\devathon_team35\\backend\\routes\\applications.js:16\n<<<<<<< HEAD\n^^\n\nSyntaxError: Unexpected token '<<'\n    at wrapSafe (internal/modules/cjs/loader.js:1047:16)\n    at Module._compile (internal/modules/cjs/loader.js:1097:27)\n    at Object.Module._extensions..js (internal/modules/cjs/loader.js:1153:10)\n    at Module.load (internal/modules/cjs/loader.js:977:32)\n    at Function.Module._load (internal/modules/cjs/loader.js:877:14)\n    at Module.require (internal/modules/cjs/loader.js:1019:19)\n    at require (internal/modules/cjs/helpers.js:77:18)\n    at Object.<anonymous> (C:\\Users\\hp\\Desktop\\devathon\\devathon_team35\\backend\\startup\\routes.js:6:22)\n    at Module._compile (internal/modules/cjs/loader.js:1133:30)\n    at Object.Module._extensions..js (internal/modules/cjs/loader.js:1153:10)","exception":true,"date":"Sat Sep 18 2021 13:04:17 GMT+0530 (India Standard Time)","process":{"pid":16116,"uid":null,"gid":null,"cwd":"C:\\Users\\hp\\Desktop\\devathon\\devathon_team35\\backend","execPath":"C:\\Program Files\\nodejs\\node.exe","version":"v12.16.3","argv":["C:\\Program Files\\nodejs\\node.exe","C:\\Users\\hp\\Desktop\\devathon\\devathon_team35\\backend\\index.js","index.js"],"memoryUsage":{"rss":60080128,"heapTotal":35540992,"heapUsed":21455400,"external":19870320}},"os":{"loadavg":[0,0,0],"uptime":6400},"trace":[{"column":16,"file":"internal/modules/cjs/loader.js","function":"wrapSafe","line":1047,"method":null,"native":false},{"column":27,"file":"internal/modules/cjs/loader.js","function":"Module._compile","line":1097,"method":"_compile","native":false},{"column":10,"file":"internal/modules/cjs/loader.js","function":"Module._extensions..js","line":1153,"method":".js","native":false},{"column":32,"file":"internal/modules/cjs/loader.js","function":"Module.load","line":977,"method":"load","native":false},{"column":14,"file":"internal/modules/cjs/loader.js","function":"Module._load","line":877,"method":"_load","native":false},{"column":19,"file":"internal/modules/cjs/loader.js","function":"Module.require","line":1019,"method":"require","native":false},{"column":18,"file":"internal/modules/cjs/helpers.js","function":"require","line":77,"method":null,"native":false},{"column":22,"file":"C:\\Users\\hp\\Desktop\\devathon\\devathon_team35\\backend\\startup\\routes.js","function":null,"line":6,"method":null,"native":false},{"column":30,"file":"internal/modules/cjs/loader.js","function":"Module._compile","line":1133,"method":"_compile","native":false},{"column":10,"file":"internal/modules/cjs/loader.js","function":"Module._extensions..js","line":1153,"method":".js","native":false}]}
{"error":{"code":"MODULE_NOT_FOUND","requireStack":["C:\\Users\\mysau\\cod\\devathon\\backend\\routes\\uploadRouter.js","C:\\Users\\mysau\\cod\\devathon\\backend\\startup\\routes.js","C:\\Users\\mysau\\cod\\devathon\\backend\\index.js"]},"level":"error","message":"uncaughtException: Cannot find module 'multer'\nRequire stack:\n- C:\\Users\\mysau\\cod\\devathon\\backend\\routes\\uploadRouter.js\n- C:\\Users\\mysau\\cod\\devathon\\backend\\startup\\routes.js\n- C:\\Users\\mysau\\cod\\devathon\\backend\\index.js\nError: Cannot find module 'multer'\nRequire stack:\n- C:\\Users\\mysau\\cod\\devathon\\backend\\routes\\uploadRouter.js\n- C:\\Users\\mysau\\cod\\devathon\\backend\\startup\\routes.js\n- C:\\Users\\mysau\\cod\\devathon\\backend\\index.js\n    at Function.Module._resolveFilename (internal/modules/cjs/loader.js:880:15)\n    at Function.Module._load (internal/modules/cjs/loader.js:725:27)\n    at Module.require (internal/modules/cjs/loader.js:952:19)\n    at require (internal/modules/cjs/helpers.js:88:18)\n    at Object.<anonymous> (C:\\Users\\mysau\\cod\\devathon\\backend\\routes\\uploadRouter.js:2:16)\n    at Module._compile (internal/modules/cjs/loader.js:1063:30)\n    at Object.Module._extensions..js (internal/modules/cjs/loader.js:1092:10)\n    at Module.load (internal/modules/cjs/loader.js:928:32)\n    at Function.Module._load (internal/modules/cjs/loader.js:769:14)\n    at Module.require (internal/modules/cjs/loader.js:952:19)","stack":"Error: Cannot find module 'multer'\nRequire stack:\n- C:\\Users\\mysau\\cod\\devathon\\backend\\routes\\uploadRouter.js\n- C:\\Users\\mysau\\cod\\devathon\\backend\\startup\\routes.js\n- C:\\Users\\mysau\\cod\\devathon\\backend\\index.js\n    at Function.Module._resolveFilename (internal/modules/cjs/loader.js:880:15)\n    at Function.Module._load (internal/modules/cjs/loader.js:725:27)\n    at Module.require (internal/modules/cjs/loader.js:952:19)\n    at require (internal/modules/cjs/helpers.js:88:18)\n    at Object.<anonymous> (C:\\Users\\mysau\\cod\\devathon\\backend\\routes\\uploadRouter.js:2:16)\n    at Module._compile (internal/modules/cjs/loader.js:1063:30)\n    at Object.Module._extensions..js (internal/modules/cjs/loader.js:1092:10)\n    at Module.load (internal/modules/cjs/loader.js:928:32)\n    at Function.Module._load (internal/modules/cjs/loader.js:769:14)\n    at Module.require (internal/modules/cjs/loader.js:952:19)","exception":true,"date":"Sat Sep 18 2021 17:26:57 GMT+0530 (India Standard Time)","process":{"pid":18080,"uid":null,"gid":null,"cwd":"C:\\Users\\mysau\\cod\\devathon\\backend","execPath":"C:\\Program Files\\nodejs\\node.exe","version":"v14.15.3","argv":["C:\\Program Files\\nodejs\\node.exe","C:\\Users\\mysau\\cod\\devathon\\backend\\index.js"],"memoryUsage":{"rss":67072000,"heapTotal":36675584,"heapUsed":24239864,"external":20466694,"arrayBuffers":18898162}},"os":{"loadavg":[0,0,0],"uptime":39450},"trace":[{"column":15,"file":"internal/modules/cjs/loader.js","function":"Module._resolveFilename","line":880,"method":"_resolveFilename","native":false},{"column":27,"file":"internal/modules/cjs/loader.js","function":"Module._load","line":725,"method":"_load","native":false},{"column":19,"file":"internal/modules/cjs/loader.js","function":"Module.require","line":952,"method":"require","native":false},{"column":18,"file":"internal/modules/cjs/helpers.js","function":"require","line":88,"method":null,"native":false},{"column":16,"file":"C:\\Users\\mysau\\cod\\devathon\\backend\\routes\\uploadRouter.js","function":null,"line":2,"method":null,"native":false},{"column":30,"file":"internal/modules/cjs/loader.js","function":"Module._compile","line":1063,"method":"_compile","native":false},{"column":10,"file":"internal/modules/cjs/loader.js","function":"Module._extensions..js","line":1092,"method":".js","native":false},{"column":32,"file":"internal/modules/cjs/loader.js","function":"Module.load","line":928,"method":"load","native":false},{"column":14,"file":"internal/modules/cjs/loader.js","function":"Module._load","line":769,"method":"_load","native":false},{"column":19,"file":"internal/modules/cjs/loader.js","function":"Module.require","line":952,"method":"require","native":false}]}
{"error":{"code":"ESOCKET","command":"CONN"},"level":"error","message":"uncaughtException: self signed certificate in certificate chain\nError: self signed certificate in certificate chain\n    at TLSSocket.onConnectSecure (_tls_wrap.js:1497:34)\n    at TLSSocket.emit (events.js:315:20)\n    at TLSSocket._finishInit (_tls_wrap.js:932:8)\n    at TLSWrap.ssl.onhandshakedone (_tls_wrap.js:706:12)","stack":"Error: self signed certificate in certificate chain\n    at TLSSocket.onConnectSecure (_tls_wrap.js:1497:34)\n    at TLSSocket.emit (events.js:315:20)\n    at TLSSocket._finishInit (_tls_wrap.js:932:8)\n    at TLSWrap.ssl.onhandshakedone (_tls_wrap.js:706:12)","exception":true,"date":"Sat Sep 18 2021 23:22:27 GMT+0530 (India Standard Time)","process":{"pid":8316,"uid":null,"gid":null,"cwd":"C:\\Users\\mysau\\cod\\devathon\\backend","execPath":"C:\\Program Files\\nodejs\\node.exe","version":"v14.15.3","argv":["C:\\Program Files\\nodejs\\node.exe","C:\\Users\\mysau\\cod\\devathon\\backend\\index.js"],"memoryUsage":{"rss":55533568,"heapTotal":23801856,"heapUsed":21948296,"external":19879538,"arrayBuffers":18289542}},"os":{"loadavg":[0,0,0],"uptime":60779},"trace":[{"column":34,"file":"_tls_wrap.js","function":"TLSSocket.onConnectSecure","line":1497,"method":"onConnectSecure","native":false},{"column":20,"file":"events.js","function":"TLSSocket.emit","line":315,"method":"emit","native":false},{"column":8,"file":"_tls_wrap.js","function":"TLSSocket._finishInit","line":932,"method":"_finishInit","native":false},{"column":12,"file":"_tls_wrap.js","function":"TLSWrap.ssl.onhandshakedone","line":706,"method":"onhandshakedone","native":false}]}
{"error":{"errors":{"specialization":{"name":"ValidatorError","message":"Path `specialization` is required.","properties":{"message":"Path `specialization` is required.","type":"required","path":"specialization"},"kind":"required","path":"specialization"},"branch":{"name":"ValidatorError","message":"Path `branch` is required.","properties":{"message":"Path `branch` is required.","type":"required","path":"branch"},"kind":"required","path":"branch"}},"_message":"Application validation failed","name":"ValidationError","message":"Application validation failed: specialization: Path `specialization` is required., branch: Path `branch` is required."},"level":"error","message":"uncaughtException: Application validation failed: specialization: Path `specialization` is required., branch: Path `branch` is required.\nValidationError: Application validation failed: specialization: Path `specialization` is required., branch: Path `branch` is required.\n    at model.Document.invalidate (C:\\Users\\mysau\\cod\\devathon\\backend\\node_modules\\mongoose\\lib\\document.js:2879:32)\n    at C:\\Users\\mysau\\cod\\devathon\\backend\\node_modules\\mongoose\\lib\\document.js:2670:17\n    at C:\\Users\\mysau\\cod\\devathon\\backend\\node_modules\\mongoose\\lib\\schematype.js:1267:9\n    at processTicksAndRejections (internal/process/task_queues.js:75:11)","stack":"ValidationError: Application validation failed: specialization: Path `specialization` is required., branch: Path `branch` is required.\n    at model.Document.invalidate (C:\\Users\\mysau\\cod\\devathon\\backend\\node_modules\\mongoose\\lib\\document.js:2879:32)\n    at C:\\Users\\mysau\\cod\\devathon\\backend\\node_modules\\mongoose\\lib\\document.js:2670:17\n    at C:\\Users\\mysau\\cod\\devathon\\backend\\node_modules\\mongoose\\lib\\schematype.js:1267:9\n    at processTicksAndRejections (internal/process/task_queues.js:75:11)","exception":true,"date":"Sun Sep 19 2021 11:14:07 GMT+0530 (India Standard Time)","process":{"pid":18260,"uid":null,"gid":null,"cwd":"C:\\Users\\mysau\\cod\\devathon\\backend","execPath":"C:\\Program Files\\nodejs\\node.exe","version":"v14.15.3","argv":["C:\\Program Files\\nodejs\\node.exe","C:\\Users\\mysau\\cod\\devathon\\backend\\index.js"],"memoryUsage":{"rss":71708672,"heapTotal":57389056,"heapUsed":27469920,"external":20093721,"arrayBuffers":18501763}},"os":{"loadavg":[0,0,0],"uptime":19426},"trace":[{"column":32,"file":"C:\\Users\\mysau\\cod\\devathon\\backend\\node_modules\\mongoose\\lib\\document.js","function":"model.Document.invalidate","line":2879,"method":"invalidate","native":false},{"column":17,"file":"C:\\Users\\mysau\\cod\\devathon\\backend\\node_modules\\mongoose\\lib\\document.js","function":null,"line":2670,"method":null,"native":false},{"column":9,"file":"C:\\Users\\mysau\\cod\\devathon\\backend\\node_modules\\mongoose\\lib\\schematype.js","function":null,"line":1267,"method":null,"native":false},{"column":11,"file":"internal/process/task_queues.js","function":"processTicksAndRejections","line":75,"method":null,"native":false}]}
{"error":{"errors":{"specialization":{"name":"ValidatorError","message":"Path `specialization` is required.","properties":{"message":"Path `specialization` is required.","type":"required","path":"specialization"},"kind":"required","path":"specialization"},"branch":{"name":"ValidatorError","message":"Path `branch` is required.","properties":{"message":"Path `branch` is required.","type":"required","path":"branch"},"kind":"required","path":"branch"}},"_message":"Application validation failed","name":"ValidationError","message":"Application validation failed: specialization: Path `specialization` is required., branch: Path `branch` is required."},"level":"error","message":"uncaughtException: Application validation failed: specialization: Path `specialization` is required., branch: Path `branch` is required.\nValidationError: Application validation failed: specialization: Path `specialization` is required., branch: Path `branch` is required.\n    at model.Document.invalidate (C:\\Users\\mysau\\cod\\devathon\\backend\\node_modules\\mongoose\\lib\\document.js:2879:32)\n    at C:\\Users\\mysau\\cod\\devathon\\backend\\node_modules\\mongoose\\lib\\document.js:2670:17\n    at C:\\Users\\mysau\\cod\\devathon\\backend\\node_modules\\mongoose\\lib\\schematype.js:1267:9\n    at processTicksAndRejections (internal/process/task_queues.js:75:11)","stack":"ValidationError: Application validation failed: specialization: Path `specialization` is required., branch: Path `branch` is required.\n    at model.Document.invalidate (C:\\Users\\mysau\\cod\\devathon\\backend\\node_modules\\mongoose\\lib\\document.js:2879:32)\n    at C:\\Users\\mysau\\cod\\devathon\\backend\\node_modules\\mongoose\\lib\\document.js:2670:17\n    at C:\\Users\\mysau\\cod\\devathon\\backend\\node_modules\\mongoose\\lib\\schematype.js:1267:9\n    at processTicksAndRejections (internal/process/task_queues.js:75:11)","exception":true,"date":"Sun Sep 19 2021 11:17:13 GMT+0530 (India Standard Time)","process":{"pid":12936,"uid":null,"gid":null,"cwd":"C:\\Users\\mysau\\cod\\devathon\\backend","execPath":"C:\\Program Files\\nodejs\\node.exe","version":"v14.15.3","argv":["C:\\Program Files\\nodejs\\node.exe","C:\\Users\\mysau\\cod\\devathon\\backend\\index.js"],"memoryUsage":{"rss":54886400,"heapTotal":24064000,"heapUsed":22508616,"external":19943491,"arrayBuffers":18353495}},"os":{"loadavg":[0,0,0],"uptime":19612},"trace":[{"column":32,"file":"C:\\Users\\mysau\\cod\\devathon\\backend\\node_modules\\mongoose\\lib\\document.js","function":"model.Document.invalidate","line":2879,"method":"invalidate","native":false},{"column":17,"file":"C:\\Users\\mysau\\cod\\devathon\\backend\\node_modules\\mongoose\\lib\\document.js","function":null,"line":2670,"method":null,"native":false},{"column":9,"file":"C:\\Users\\mysau\\cod\\devathon\\backend\\node_modules\\mongoose\\lib\\schematype.js","function":null,"line":1267,"method":null,"native":false},{"column":11,"file":"internal/process/task_queues.js","function":"processTicksAndRejections","line":75,"method":null,"native":false}]}
